{"/Users/aldrich/Desktop/practice/bestpracprac2_0/src/Counter/actions.js": {"path":"/Users/aldrich/Desktop/practice/bestpracprac2_0/src/Counter/actions.js","statementMap":{"0":{"start":{"line":3,"column":28},"end":{"line":8,"column":2}},"1":{"start":{"line":10,"column":16},"end":{"line":13,"column":1}}},"fnMap":{},"branchMap":{},"s":{"0":3,"1":3},"f":{},"b":{},"_coverageSchema":"332fd63041d2c1bcb487cc26dd0d5f7d97098a6c","hash":"7d153de811883eb877f9d495ab4c9f14491c2619"}
,"/Users/aldrich/Desktop/practice/bestpracprac2_0/src/Counter/constants.js": {"path":"/Users/aldrich/Desktop/practice/bestpracprac2_0/src/Counter/constants.js","statementMap":{"0":{"start":{"line":1,"column":15},"end":{"line":14,"column":1}}},"fnMap":{},"branchMap":{},"s":{"0":1},"f":{},"b":{},"_coverageSchema":"332fd63041d2c1bcb487cc26dd0d5f7d97098a6c","hash":"ff373a8fd3be7882f8036674547d195cbbd0b163"}
,"/Users/aldrich/Desktop/practice/bestpracprac2_0/src/Counter/index.js": {"path":"/Users/aldrich/Desktop/practice/bestpracprac2_0/src/Counter/index.js","statementMap":{"0":{"start":{"line":13,"column":15},"end":{"line":13,"column":27}},"1":{"start":{"line":13,"column":21},"end":{"line":13,"column":27}},"2":{"start":{"line":24,"column":8},"end":{"line":24,"column":18}},"3":{"start":{"line":25,"column":4},"end":{"line":65,"column":6}},"4":{"start":{"line":69,"column":0},"end":{"line":76,"column":2}},"5":{"start":{"line":78,"column":24},"end":{"line":80,"column":2}},"6":{"start":{"line":82,"column":27},"end":{"line":89,"column":2}},"7":{"start":{"line":82,"column":40},"end":{"line":89,"column":1}}},"fnMap":{"0":{"name":"(anonymous_0)","decl":{"start":{"line":13,"column":15},"end":{"line":13,"column":16}},"loc":{"start":{"line":13,"column":21},"end":{"line":13,"column":27}},"line":13},"1":{"name":"(anonymous_1)","decl":{"start":{"line":16,"column":2},"end":{"line":16,"column":3}},"loc":{"start":{"line":16,"column":11},"end":{"line":66,"column":3}},"line":16},"2":{"name":"(anonymous_2)","decl":{"start":{"line":82,"column":27},"end":{"line":82,"column":28}},"loc":{"start":{"line":82,"column":40},"end":{"line":89,"column":1}},"line":82}},"branchMap":{},"s":{"0":1,"1":1,"2":1,"3":1,"4":1,"5":1,"6":1,"7":1},"f":{"0":1,"1":1,"2":1},"b":{},"_coverageSchema":"332fd63041d2c1bcb487cc26dd0d5f7d97098a6c","hash":"0e27dd7331cec8e863f9e3c4da8268b8aa06c2a9"}
,"/Users/aldrich/Desktop/practice/bestpracprac2_0/src/Counter/reducer.js": {"path":"/Users/aldrich/Desktop/practice/bestpracprac2_0/src/Counter/reducer.js","statementMap":{"0":{"start":{"line":5,"column":22},"end":{"line":7,"column":2}},"1":{"start":{"line":9,"column":18},"end":{"line":12,"column":4}},"2":{"start":{"line":10,"column":2},"end":{"line":12,"column":4}},"3":{"start":{"line":14,"column":18},"end":{"line":17,"column":4}},"4":{"start":{"line":15,"column":2},"end":{"line":17,"column":4}},"5":{"start":{"line":19,"column":14},"end":{"line":19,"column":27}},"6":{"start":{"line":21,"column":16},"end":{"line":24,"column":2}}},"fnMap":{"0":{"name":"(anonymous_0)","decl":{"start":{"line":9,"column":18},"end":{"line":9,"column":19}},"loc":{"start":{"line":10,"column":2},"end":{"line":12,"column":4}},"line":10},"1":{"name":"(anonymous_1)","decl":{"start":{"line":14,"column":18},"end":{"line":14,"column":19}},"loc":{"start":{"line":15,"column":2},"end":{"line":17,"column":4}},"line":15}},"branchMap":{},"s":{"0":2,"1":2,"2":1,"3":2,"4":1,"5":2,"6":2},"f":{"0":1,"1":1},"b":{},"_coverageSchema":"332fd63041d2c1bcb487cc26dd0d5f7d97098a6c","hash":"eac64deeeff1772994cb711eba695cdfcb2820b2"}
,"/Users/aldrich/Desktop/practice/bestpracprac2_0/src/Counter/selectors.js": {"path":"/Users/aldrich/Desktop/practice/bestpracprac2_0/src/Counter/selectors.js","statementMap":{"0":{"start":{"line":3,"column":14},"end":{"line":3,"column":41}},"1":{"start":{"line":3,"column":23},"end":{"line":3,"column":41}},"2":{"start":{"line":6,"column":25},"end":{"line":7,"column":52}},"3":{"start":{"line":7,"column":2},"end":{"line":7,"column":52}},"4":{"start":{"line":7,"column":33},"end":{"line":7,"column":51}}},"fnMap":{"0":{"name":"(anonymous_0)","decl":{"start":{"line":3,"column":14},"end":{"line":3,"column":15}},"loc":{"start":{"line":3,"column":23},"end":{"line":3,"column":41}},"line":3},"1":{"name":"(anonymous_1)","decl":{"start":{"line":6,"column":25},"end":{"line":6,"column":26}},"loc":{"start":{"line":7,"column":2},"end":{"line":7,"column":52}},"line":7},"2":{"name":"(anonymous_2)","decl":{"start":{"line":7,"column":24},"end":{"line":7,"column":25}},"loc":{"start":{"line":7,"column":33},"end":{"line":7,"column":51}},"line":7}},"branchMap":{},"s":{"0":1,"1":1,"2":1,"3":1,"4":1},"f":{"0":1,"1":1,"2":1},"b":{},"_coverageSchema":"332fd63041d2c1bcb487cc26dd0d5f7d97098a6c","hash":"2c9dc3f88f2756d6a53a6c6bb3e137553950436a"}
}
