TN:
SF:/Users/aldrich/Desktop/practice/bestpracprac2_0/src/Counter/actions.js
FNF:0
FNH:0
DA:3,3
DA:10,3
LF:2
LH:2
BRF:0
BRH:0
end_of_record
TN:
SF:/Users/aldrich/Desktop/practice/bestpracprac2_0/src/Counter/constants.js
FNF:0
FNH:0
DA:1,1
LF:1
LH:1
BRF:0
BRH:0
end_of_record
TN:
SF:/Users/aldrich/Desktop/practice/bestpracprac2_0/src/Counter/index.js
FN:13,(anonymous_0)
FN:16,(anonymous_1)
FN:82,(anonymous_2)
FNF:3
FNH:3
FNDA:1,(anonymous_0)
FNDA:1,(anonymous_1)
FNDA:1,(anonymous_2)
DA:13,1
DA:24,1
DA:25,1
DA:69,1
DA:78,1
DA:82,1
LF:6
LH:6
BRF:0
BRH:0
end_of_record
TN:
SF:/Users/aldrich/Desktop/practice/bestpracprac2_0/src/Counter/reducer.js
FN:9,(anonymous_0)
FN:14,(anonymous_1)
FNF:2
FNH:2
FNDA:1,(anonymous_0)
FNDA:1,(anonymous_1)
DA:5,2
DA:9,2
DA:10,1
DA:14,2
DA:15,1
DA:19,2
DA:21,2
LF:7
LH:7
BRF:0
BRH:0
end_of_record
TN:
SF:/Users/aldrich/Desktop/practice/bestpracprac2_0/src/Counter/selectors.js
FN:3,(anonymous_0)
FN:6,(anonymous_1)
FN:7,(anonymous_2)
FNF:3
FNH:3
FNDA:1,(anonymous_0)
FNDA:1,(anonymous_1)
FNDA:1,(anonymous_2)
DA:3,1
DA:6,1
DA:7,1
LF:3
LH:3
BRF:0
BRH:0
end_of_record
